<?xml version="1.0" encoding="UTF-8" ?>
<testsuite failures="0" time="57.71" errors="0" skipped="0" tests="26" name="org.msh.quantb.services.calc.TestCalculation">
  <properties>
    <property name="java.runtime.name" value="Java(TM) SE Runtime Environment"/>
    <property name="sun.boot.library.path" value="C:\Program Files\Java\jdk1.7.0_71\jre\bin"/>
    <property name="java.vm.version" value="24.71-b01"/>
    <property name="java.vm.vendor" value="Oracle Corporation"/>
    <property name="maven.multiModuleProjectDirectory" value="D:\workspace_mars\quantification"/>
    <property name="java.vendor.url" value="http://java.oracle.com/"/>
    <property name="path.separator" value=";"/>
    <property name="guice.disable.misplaced.annotation.check" value="true"/>
    <property name="java.vm.name" value="Java HotSpot(TM) 64-Bit Server VM"/>
    <property name="file.encoding.pkg" value="sun.io"/>
    <property name="user.script" value=""/>
    <property name="user.country" value="RU"/>
    <property name="sun.java.launcher" value="SUN_STANDARD"/>
    <property name="sun.os.patch.level" value="Service Pack 1"/>
    <property name="java.vm.specification.name" value="Java Virtual Machine Specification"/>
    <property name="user.dir" value="D:\workspace_mars\quantification"/>
    <property name="java.runtime.version" value="1.7.0_71-b14"/>
    <property name="java.awt.graphicsenv" value="sun.awt.Win32GraphicsEnvironment"/>
    <property name="java.endorsed.dirs" value="C:\Program Files\Java\jdk1.7.0_71\jre\lib\endorsed"/>
    <property name="os.arch" value="amd64"/>
    <property name="java.io.tmpdir" value="C:\Users\User\AppData\Local\Temp\"/>
    <property name="line.separator" value="
"/>
    <property name="java.vm.specification.vendor" value="Oracle Corporation"/>
    <property name="user.variant" value=""/>
    <property name="os.name" value="Windows 7"/>
    <property name="classworlds.conf" value="D:\workspace_mars\.metadata\.plugins\org.eclipse.m2e.launching\launches\m2conf6961823677041794571.tmp"/>
    <property name="sun.jnu.encoding" value="Cp1251"/>
    <property name="java.library.path" value="C:\Program Files\Java\jdk1.7.0_71\bin;C:\Windows\Sun\Java\bin;C:\Windows\system32;C:\Windows;D:\servers\oracle\oracleexe\app\oracle\product\11.2.0\server\bin;;C:\ProgramData\Oracle\Java\javapath;C:\Windows\system32;C:\Windows;C:\Windows\System32\Wbem;C:\Windows\System32\WindowsPowerShell\v1.0\;C:\Program Files\MySQL\MySQL Server 5.5\bin;D:\servers\apache-maven-3.2.3\bin;C:\Program Files (x86)\MySQL\MySQL Utilities\;C:\Program Files (x86)\MySQL\MySQL Utilities\Doctrine extensions for PHP\;C:\Program Files (x86)\Git\cmd;D:\servers\gcc\mingw64\bin;C:\Program Files (x86)\Skype\Phone\;C:\Program Files\nodejs\;C:\Program Files\TortoiseSVN\bin;C:\Users\User\AppData\Local\Programs\Fiddler;C:\Users\User\AppData\Roaming\npm;C:\Program Files\Microsoft VS Code\bin;."/>
    <property name="java.specification.name" value="Java Platform API Specification"/>
    <property name="java.class.version" value="51.0"/>
    <property name="sun.management.compiler" value="HotSpot 64-Bit Tiered Compilers"/>
    <property name="os.version" value="6.1"/>
    <property name="user.home" value="C:\Users\User"/>
    <property name="user.timezone" value="Europe/Helsinki"/>
    <property name="java.awt.printerjob" value="sun.awt.windows.WPrinterJob"/>
    <property name="java.specification.version" value="1.7"/>
    <property name="file.encoding" value="Cp1251"/>
    <property name="user.name" value="User"/>
    <property name="java.class.path" value="/D:/eclipse-mars/plugins/org.eclipse.m2e.maven.runtime_1.7.0.20160603-1931/jars/plexus-classworlds-2.5.2.jar"/>
    <property name="java.vm.specification.version" value="1.7"/>
    <property name="sun.arch.data.model" value="64"/>
    <property name="java.home" value="C:\Program Files\Java\jdk1.7.0_71\jre"/>
    <property name="sun.java.command" value="org.codehaus.plexus.classworlds.launcher.Launcher -B -gs C:\Users\User\.m2\settings.xml -s C:\Users\User\.m2\settings.xml install"/>
    <property name="java.specification.vendor" value="Oracle Corporation"/>
    <property name="user.language" value="ru"/>
    <property name="awt.toolkit" value="sun.awt.windows.WToolkit"/>
    <property name="java.vm.info" value="mixed mode"/>
    <property name="java.version" value="1.7.0_71"/>
    <property name="java.ext.dirs" value="C:\Program Files\Java\jdk1.7.0_71\jre\lib\ext;C:\Windows\Sun\Java\lib\ext"/>
    <property name="sun.boot.class.path" value="C:\Program Files\Java\jdk1.7.0_71\jre\lib\resources.jar;C:\Program Files\Java\jdk1.7.0_71\jre\lib\rt.jar;C:\Program Files\Java\jdk1.7.0_71\jre\lib\sunrsasign.jar;C:\Program Files\Java\jdk1.7.0_71\jre\lib\jsse.jar;C:\Program Files\Java\jdk1.7.0_71\jre\lib\jce.jar;C:\Program Files\Java\jdk1.7.0_71\jre\lib\charsets.jar;C:\Program Files\Java\jdk1.7.0_71\jre\lib\jfr.jar;C:\Program Files\Java\jdk1.7.0_71\jre\classes"/>
    <property name="java.vendor" value="Oracle Corporation"/>
    <property name="maven.home" value="D:\workspace_mars\quantification\EMBEDDED"/>
    <property name="file.separator" value="\"/>
    <property name="java.vendor.url.bug" value="http://bugreport.sun.com/bugreport/"/>
    <property name="sun.cpu.endian" value="little"/>
    <property name="sun.io.unicode.encoding" value="UnicodeLittle"/>
    <property name="sun.desktop" value="windows"/>
    <property name="sun.cpu.isalist" value="amd64"/>
  </properties>
  <testcase time="0.49" classname="org.msh.quantb.services.calc.TestCalculation" name="testIgnoreTimezone"/>
  <testcase time="0.164" classname="org.msh.quantb.services.calc.TestCalculation" name="testCasesQuantitySimple"/>
  <testcase time="4.316" classname="org.msh.quantb.services.calc.TestCalculation" name="testCheckMed_stockOnHand"/>
  <testcase time="2.547" classname="org.msh.quantb.services.calc.TestCalculation" name="testCheckMed_stockOrder"/>
  <testcase time="2.423" classname="org.msh.quantb.services.calc.TestCalculation" name="testCheckRegim_treatment"/>
  <testcase time="2.301" classname="org.msh.quantb.services.calc.TestCalculation" name="testCheckRegim_new"/>
  <testcase time="15.847" classname="org.msh.quantb.services.calc.TestCalculation" name="testDeliveryExactCalculatorPessimist"/>
  <testcase time="1.429" classname="org.msh.quantb.services.calc.TestCalculation" name="testPersCheckMed_stockOnHand"/>
  <testcase time="1.413" classname="org.msh.quantb.services.calc.TestCalculation" name="testPersCheckMed_stockOrder"/>
  <testcase time="1.466" classname="org.msh.quantb.services.calc.TestCalculation" name="testPersCheckRegim_treatment"/>
  <testcase time="1.415" classname="org.msh.quantb.services.calc.TestCalculation" name="testPersCheckRegim_new"/>
  <testcase time="0.819" classname="org.msh.quantb.services.calc.TestCalculation" name="testCalcCasesQuantities"/>
  <testcase time="1.277" classname="org.msh.quantb.services.calc.TestCalculation" name="testCalcCasesQuantities_Split"/>
  <testcase time="0.207" classname="org.msh.quantb.services.calc.TestCalculation" name="testValidateMergeForecastings"/>
  <testcase time="1.417" classname="org.msh.quantb.services.calc.TestCalculation" name="testMergeForecastings"/>
  <testcase time="0.498" classname="org.msh.quantb.services.calc.TestCalculation" name="testPercentage"/>
  <testcase time="0.479" classname="org.msh.quantb.services.calc.TestCalculation" name="testPercentage_split"/>
  <testcase time="0.247" classname="org.msh.quantb.services.calc.TestCalculation" name="testPercentage_MergeValidate"/>
  <testcase time="0.998" classname="org.msh.quantb.services.calc.TestCalculation" name="testPercentage_Merge"/>
  <testcase time="0.651" classname="org.msh.quantb.services.calc.TestCalculation" name="testExpectedToPers"/>
  <testcase time="0.596" classname="org.msh.quantb.services.calc.TestCalculation" name="testExpectedQuan"/>
  <testcase time="0.979" classname="org.msh.quantb.services.calc.TestCalculation" name="testEnrolledToPers"/>
  <testcase time="0.35" classname="org.msh.quantb.services.calc.TestCalculation" name="testEnrolledToQuan"/>
  <testcase time="3.496" classname="org.msh.quantb.services.calc.TestCalculation" name="testDeliveriesForChart"/>
  <testcase time="4.444" classname="org.msh.quantb.services.calc.TestCalculation" name="testPessimisticScenario"/>
  <testcase time="7.441" classname="org.msh.quantb.services.calc.TestCalculation" name="testDeliveryOrdersControl"/>
</testsuite>